Start testing: Sep 28 20:26 CST
----------------------------------------------------------
1/1 Testing: AddTest.BasicAssertions
1/1 Test: AddTest.BasicAssertions
Command: "/root/projects/HighPerformanceServer/build/HighPerformanceServer" "--gtest_filter=AddTest.BasicAssertions" "--gtest_also_run_disabled_tests"
Directory: /root/projects/HighPerformanceServer/build
"AddTest.BasicAssertions" start time: Sep 28 20:26 CST
Output:
----------------------------------------------------------
Running main() from /root/projects/HighPerformanceServer/build/_deps/googletest-src/googletest/src/gtest_main.cc
Note: Google Test filter = AddTest.BasicAssertions
[==========] Running 1 test from 1 test suite.
[----------] Global test environment set-up.
[----------] 1 test from AddTest
[ RUN      ] AddTest.BasicAssertions
/root/projects/HighPerformanceServer/test.cpp:11: Failure
Expected: ("hello") != ("hello"), actual: "hello" vs "hello"
[  FAILED  ] AddTest.BasicAssertions (0 ms)
[----------] 1 test from AddTest (0 ms total)

[----------] Global test environment tear-down
[==========] 1 test from 1 test suite ran. (0 ms total)
[  PASSED  ] 0 tests.
[  FAILED  ] 1 test, listed below:
[  FAILED  ] AddTest.BasicAssertions

 1 FAILED TEST
<end of output>
Test time =   0.00 sec
----------------------------------------------------------
Test Failed.
"AddTest.BasicAssertions" end time: Sep 28 20:26 CST
"AddTest.BasicAssertions" time elapsed: 00:00:00
----------------------------------------------------------

End testing: Sep 28 20:26 CST
