Start testing: Oct 01 20:57 CST
----------------------------------------------------------
2/3 Testing: AddTest.HandleTwoNegative
2/3 Test: AddTest.HandleTwoNegative
Command: "/root/projects/HighPerformanceServer/build/HighPerformanceServer" "--gtest_filter=AddTest.HandleTwoNegative" "--gtest_also_run_disabled_tests"
Directory: /root/projects/HighPerformanceServer/build
"AddTest.HandleTwoNegative" start time: Oct 01 20:57 CST
Output:
----------------------------------------------------------
Running main() from /root/projects/HighPerformanceServer/build/_deps/googletest-src/googletest/src/gtest_main.cc
Note: Google Test filter = AddTest.HandleTwoNegative
[==========] Running 1 test from 1 test suite.
[----------] Global test environment set-up.
[----------] 1 test from AddTest
[ RUN      ] AddTest.HandleTwoNegative
[       OK ] AddTest.HandleTwoNegative (0 ms)
[----------] 1 test from AddTest (0 ms total)

[----------] Global test environment tear-down
[==========] 1 test from 1 test suite ran. (0 ms total)
[  PASSED  ] 1 test.
<end of output>
Test time =   0.00 sec
----------------------------------------------------------
Test Passed.
"AddTest.HandleTwoNegative" end time: Oct 01 20:57 CST
"AddTest.HandleTwoNegative" time elapsed: 00:00:00
----------------------------------------------------------

1/3 Testing: AddTest.HandleTwoPositive
1/3 Test: AddTest.HandleTwoPositive
Command: "/root/projects/HighPerformanceServer/build/HighPerformanceServer" "--gtest_filter=AddTest.HandleTwoPositive" "--gtest_also_run_disabled_tests"
Directory: /root/projects/HighPerformanceServer/build
"AddTest.HandleTwoPositive" start time: Oct 01 20:57 CST
Output:
----------------------------------------------------------
Running main() from /root/projects/HighPerformanceServer/build/_deps/googletest-src/googletest/src/gtest_main.cc
Note: Google Test filter = AddTest.HandleTwoPositive
[==========] Running 1 test from 1 test suite.
[----------] Global test environment set-up.
[----------] 1 test from AddTest
[ RUN      ] AddTest.HandleTwoPositive
[       OK ] AddTest.HandleTwoPositive (0 ms)
[----------] 1 test from AddTest (0 ms total)

[----------] Global test environment tear-down
[==========] 1 test from 1 test suite ran. (0 ms total)
[  PASSED  ] 1 test.
<end of output>
Test time =   0.00 sec
----------------------------------------------------------
Test Passed.
"AddTest.HandleTwoPositive" end time: Oct 01 20:57 CST
"AddTest.HandleTwoPositive" time elapsed: 00:00:00
----------------------------------------------------------

3/3 Testing: MinTest.NumWithAlpha
3/3 Test: MinTest.NumWithAlpha
Command: "/root/projects/HighPerformanceServer/build/HighPerformanceServer" "--gtest_filter=MinTest.NumWithAlpha" "--gtest_also_run_disabled_tests"
Directory: /root/projects/HighPerformanceServer/build
"MinTest.NumWithAlpha" start time: Oct 01 20:57 CST
Output:
----------------------------------------------------------
Running main() from /root/projects/HighPerformanceServer/build/_deps/googletest-src/googletest/src/gtest_main.cc
Note: Google Test filter = MinTest.NumWithAlpha
[==========] Running 1 test from 1 test suite.
[----------] Global test environment set-up.
[----------] 1 test from MinTest
[ RUN      ] MinTest.NumWithAlpha
/root/projects/HighPerformanceServer/test.cpp:25: Failure
Expected equality of these values:
  min(2, 5)
    Which is: 2
  5
The ans is wrong 

[  FAILED  ] MinTest.NumWithAlpha (0 ms)
[----------] 1 test from MinTest (0 ms total)

[----------] Global test environment tear-down
[==========] 1 test from 1 test suite ran. (0 ms total)
[  PASSED  ] 0 tests.
[  FAILED  ] 1 test, listed below:
[  FAILED  ] MinTest.NumWithAlpha

 1 FAILED TEST
<end of output>
Test time =   0.00 sec
----------------------------------------------------------
Test Failed.
"MinTest.NumWithAlpha" end time: Oct 01 20:57 CST
"MinTest.NumWithAlpha" time elapsed: 00:00:00
----------------------------------------------------------

End testing: Oct 01 20:57 CST
