<?xml version="1.0" encoding="UTF-8"?>
<Site BuildName="(empty)"
	BuildStamp="20221001-1247-Experimental"
	Name="(empty)"
	Generator="ctest-3.16.3"
	CompilerName=""
	CompilerVersion=""
	OSName="Linux"
	Hostname="LAPTOP-O3KVR4K7"
	OSRelease="5.10.16.3-microsoft-standard-WSL2"
	OSVersion="#1 SMP Fri Apr 2 22:23:49 UTC 2021"
	OSPlatform="x86_64"
	Is64Bits="1"
	VendorString="AuthenticAMD"
	VendorID="Advanced Micro Devices"
	FamilyID="23"
	ModelID="96"
	ProcessorCacheSize="512"
	NumberOfLogicalCPU="12"
	NumberOfPhysicalCPU="6"
	TotalVirtualMemory="2048"
	TotalPhysicalMemory="7637"
	LogicalProcessorsPerPhysical="2"
	ProcessorClockFrequency="2994.26"
	>
	<Testing>
		<StartDateTime>Oct 01 20:57 CST</StartDateTime>
		<StartTestTime>1664629025</StartTestTime>
		<TestList>
			<Test>./AddTest.HandleTwoNegative</Test>
			<Test>./AddTest.HandleTwoPositive</Test>
			<Test>./MinTest.NumWithAlpha</Test>
		</TestList>
		<Test Status="passed">
			<Name>AddTest.HandleTwoNegative</Name>
			<Path>.</Path>
			<FullName>./AddTest.HandleTwoNegative</FullName>
			<FullCommandLine>/root/projects/HighPerformanceServer/build/HighPerformanceServer "--gtest_filter=AddTest.HandleTwoNegative" "--gtest_also_run_disabled_tests"</FullCommandLine>
			<Results>
				<NamedMeasurement type="numeric/double" name="Execution Time">
					<Value>0.00268091</Value>
				</NamedMeasurement>
				<NamedMeasurement type="numeric/double" name="Processors">
					<Value>1</Value>
				</NamedMeasurement>
				<NamedMeasurement type="text/string" name="Completion Status">
					<Value>Completed</Value>
				</NamedMeasurement>
				<NamedMeasurement type="text/string" name="Command Line">
					<Value>/root/projects/HighPerformanceServer/build/HighPerformanceServer "--gtest_filter=AddTest.HandleTwoNegative" "--gtest_also_run_disabled_tests"</Value>
				</NamedMeasurement>
				<Measurement>
					<Value encoding="base64" compression="gzip">eJyNkE1rwzAMhu/+FTo2h8TbddBDYaOFQVaS7hRCcRMl9XCsYCvp31++KO1g3XSSrMd6XynprNW2hkZpuwqgctSAdEQsW0dfWLCXO12f9+gqco2yBaboenTy1GlTymOJrZc1UW2Q0XPoXXFTyqkcs+MoEBWFiInxBbYTAoehA5U2jA7WsCnL8SHaKVsaPFwoxlqx7lFk62vkkCyWn4Gn76PlJfedZoxEFl4jh62hkzJzH22vHdkG7cAih137A76dudgRGSSfMUyRP/I4I/Dx/giD1RM0PvhTdeaAiZUJxP82YlQuLOli7+/1253AKRvd6ww77Ddp+vY6rjqzkfgGLzuw8w==</Value>
				</Measurement>
			</Results>
		</Test>
		<Test Status="passed">
			<Name>AddTest.HandleTwoPositive</Name>
			<Path>.</Path>
			<FullName>./AddTest.HandleTwoPositive</FullName>
			<FullCommandLine>/root/projects/HighPerformanceServer/build/HighPerformanceServer "--gtest_filter=AddTest.HandleTwoPositive" "--gtest_also_run_disabled_tests"</FullCommandLine>
			<Results>
				<NamedMeasurement type="numeric/double" name="Execution Time">
					<Value>0.00231025</Value>
				</NamedMeasurement>
				<NamedMeasurement type="numeric/double" name="Processors">
					<Value>1</Value>
				</NamedMeasurement>
				<NamedMeasurement type="text/string" name="Completion Status">
					<Value>Completed</Value>
				</NamedMeasurement>
				<NamedMeasurement type="text/string" name="Command Line">
					<Value>/root/projects/HighPerformanceServer/build/HighPerformanceServer "--gtest_filter=AddTest.HandleTwoPositive" "--gtest_also_run_disabled_tests"</Value>
				</NamedMeasurement>
				<Measurement>
					<Value encoding="base64" compression="gzip">eJyNkE1rwzAMhu/+FTo2h8TbddBDYaOFQReS7hRCcRMl9XCsYCvp31++KO1g3XSSrMd6XynprNW2hkZpuwqgctSAdEQsW0dfWLCXO12fY3QVuUbZAlN0PTp56rQp5bHE1suaqDbI6Dn0rrgp5VSO2XEUiIpC7InxBbYTAoehA5U2jA7WsCnL8SHaKVsaPFwoJq9Z9yiy9TVySBbLz8DT99HykvtOM0YiC6+Rw9bQSZm5j7bXjmyDdmCRw679Ad/OXOyIDJLPPUyRP/I4I/Dx/giD1RM0PvhTdeaAiZUJxP82YlQuLOli7+/1253AKRvd6ww7xJs0fXsdV53ZSHwDku2xUw==</Value>
				</Measurement>
			</Results>
		</Test>
		<Test Status="failed">
			<Name>MinTest.NumWithAlpha</Name>
			<Path>.</Path>
			<FullName>./MinTest.NumWithAlpha</FullName>
			<FullCommandLine>/root/projects/HighPerformanceServer/build/HighPerformanceServer "--gtest_filter=MinTest.NumWithAlpha" "--gtest_also_run_disabled_tests"</FullCommandLine>
			<Results>
				<NamedMeasurement type="text/string" name="Exit Code">
					<Value>Failed</Value>
				</NamedMeasurement>
				<NamedMeasurement type="text/string" name="Exit Value">
					<Value>1</Value>
				</NamedMeasurement>
				<NamedMeasurement type="numeric/double" name="Execution Time">
					<Value>0.00213262</Value>
				</NamedMeasurement>
				<NamedMeasurement type="numeric/double" name="Processors">
					<Value>1</Value>
				</NamedMeasurement>
				<NamedMeasurement type="text/string" name="Completion Status">
					<Value>Completed</Value>
				</NamedMeasurement>
				<NamedMeasurement type="text/string" name="Command Line">
					<Value>/root/projects/HighPerformanceServer/build/HighPerformanceServer "--gtest_filter=MinTest.NumWithAlpha" "--gtest_also_run_disabled_tests"</Value>
				</NamedMeasurement>
				<Measurement>
					<Value encoding="base64" compression="gzip">eJyNkU1vwjAMhu/5FT5SibYMiUslDkgDNmlDiHbigBAKrdtmSpMuH7D9+6UtQjANgU92/Np5bK+sEEwUUFEmeh7kSlYQKilNWCv5ianR4QsryiWqXKqKihRjVAdU4d4ynoW7DGsdFlIWHA1q42uVXoRhGzbervkgSFOykAYjmLcSSFwGcsYNKhjDOxPNQ7Cw1ZqZcsLrkpLN+GxbWJ1on8C0lQ3tydeWGQzIxj/bFuZc7inv8igOTElRoXBaNL6t/4gve55IyAZWHwtobfs/3kO7ahoHaV1Hw1EEM8q4VUim37UrwQzwy1LOzA/IHEyJGuFAuUUdEYDKXWXYh5FHGoZ1ydISmI5g6OIRSUoEKrR7gaObrQDiiGE2eX2bPt8iht4AKu3dnb3TgZGGco88tleDVPmZPIrrq926Figqgut/HP5yEscd/qDV6uB6qK5DHzjTzfb2yOUxuj83Ia7yJEmmcUJ+Ae0D9Dw=</Value>
				</Measurement>
			</Results>
		</Test>
		<EndDateTime>Oct 01 20:57 CST</EndDateTime>
		<EndTestTime>1664629025</EndTestTime>
		<ElapsedMinutes>0</ElapsedMinutes>
	</Testing>
</Site>
