<?xml version="1.0" encoding="UTF-8"?>
<Site BuildName="(empty)"
	BuildStamp="20220928-1224-Experimental"
	Name="(empty)"
	Generator="ctest-3.16.3"
	CompilerName=""
	CompilerVersion=""
	OSName="Linux"
	Hostname="LAPTOP-O3KVR4K7"
	OSRelease="5.10.16.3-microsoft-standard-WSL2"
	OSVersion="#1 SMP Fri Apr 2 22:23:49 UTC 2021"
	OSPlatform="x86_64"
	Is64Bits="1"
	VendorString="AuthenticAMD"
	VendorID="Advanced Micro Devices"
	FamilyID="23"
	ModelID="96"
	ProcessorCacheSize="512"
	NumberOfLogicalCPU="12"
	NumberOfPhysicalCPU="6"
	TotalVirtualMemory="2048"
	TotalPhysicalMemory="7637"
	LogicalProcessorsPerPhysical="2"
	ProcessorClockFrequency="2994.37"
	>
	<Testing>
		<StartDateTime>Sep 28 20:26 CST</StartDateTime>
		<StartTestTime>1664367983</StartTestTime>
		<TestList>
			<Test>./AddTest.BasicAssertions</Test>
		</TestList>
		<Test Status="failed">
			<Name>AddTest.BasicAssertions</Name>
			<Path>.</Path>
			<FullName>./AddTest.BasicAssertions</FullName>
			<FullCommandLine>/root/projects/HighPerformanceServer/build/HighPerformanceServer "--gtest_filter=AddTest.BasicAssertions" "--gtest_also_run_disabled_tests"</FullCommandLine>
			<Results>
				<NamedMeasurement type="text/string" name="Exit Code">
					<Value>Failed</Value>
				</NamedMeasurement>
				<NamedMeasurement type="text/string" name="Exit Value">
					<Value>1</Value>
				</NamedMeasurement>
				<NamedMeasurement type="numeric/double" name="Execution Time">
					<Value>0.00166206</Value>
				</NamedMeasurement>
				<NamedMeasurement type="numeric/double" name="Processors">
					<Value>1</Value>
				</NamedMeasurement>
				<NamedMeasurement type="text/string" name="Completion Status">
					<Value>Completed</Value>
				</NamedMeasurement>
				<NamedMeasurement type="text/string" name="Command Line">
					<Value>/root/projects/HighPerformanceServer/build/HighPerformanceServer "--gtest_filter=AddTest.BasicAssertions" "--gtest_also_run_disabled_tests"</Value>
				</NamedMeasurement>
				<Measurement>
					<Value encoding="base64" compression="gzip">eJyNUU1vwjAMvedXeJyoRFu4VuLQacAmTQhRdkIIhdSUTGlcJSns569fY4DEhk/+eLbfs5el1lJnkHOp+x7sDeUQGiIXFoY+UTgbvsrssECzJ5NzLTBBc0QT7kqp0nCbYmHDjChT6NA63xpxEYZNWHvbekEgBJuTwwhmDQRWVQX2Ujk0MIY4TetE8MytFLG1aJwkbdl6fLYNLDvCI3BNc024820pHQZs7Z9tAzNFO67aOuqjNKRz1BUWnV8WN+DLmR0Ztoblxxwa29xl+NDF6tmBKIpoNIpgyqUqDbLJV1G1YBpBv3dApajnwdP4NxgAF67kKoIuA0f741bcYBq/vU9e/uAG/SHk1vtXaIsDR44rjz12RIfc+Cmd9PWL7r0GDNfB9Z5KwSJOklbBsMHa4FpXO2EAStrqTrBDRafoIemMVc0dajVJVuwbnr/xiA==</Value>
				</Measurement>
			</Results>
		</Test>
		<EndDateTime>Sep 28 20:26 CST</EndDateTime>
		<EndTestTime>1664367983</EndTestTime>
		<ElapsedMinutes>0</ElapsedMinutes>
	</Testing>
</Site>
